<?xml version="1.0" encoding="UTF-8"?>
<testsuite xmlns:xsi="http://www.w3.org/2001/XMLSchema-instance" xsi:noNamespaceSchemaLocation="https://maven.apache.org/surefire/maven-surefire-plugin/xsd/surefire-test-report.xsd" name="ar.edu.utn.frc.tup.lciii.AppTest" time="0.059" tests="1" errors="0" skipped="1" failures="0">
  <properties>
[...]
</properties>
  <testcase name="testMain" classname="ar.edu.utn.frc.tup.lciii.AppTest" time="0">
    <skipped message="public void ar.edu.utn.frc.tup.lciii.AppTest.testMain() is @Disabled"/>
  </testcase>
</testsuite>